<?xml version="1.0" encoding="UTF-8"?>
<!-- Generated by org.testng.reporters.JUnitXMLReporter -->
<testsuite ignored="0" hostname="LAPTOP-FG2Q0DK7" failures="0" tests="2" name="ChromeTest" time="10.958" errors="0" timestamp="2023-05-27T23:32:37 IST">
  <testcase classname="TestNGClasses.VerifyTheLoginPage" name="verifyTheFunctionalityOfLogInButton" time="5.148"/>
  <testcase classname="TestNGClasses.VerifyTheLoginPage2" name="verifyTheFunctionalityOfLogInButton2" time="5.415"/>
</testsuite> <!-- ChromeTest -->
