<?xml version="1.0" encoding="UTF-8"?>
<!-- Generated by org.testng.reporters.JUnitXMLReporter -->
<testsuite ignored="0" hostname="LAPTOP-FG2Q0DK7" failures="0" tests="1" name="ChromeTest(failed)" time="3.189" errors="0" timestamp="2023-05-27T21:48:39 IST">
  <testcase classname="TestNGClasses.VerifyTheLoginPage" name="@BeforeMethod feedDetails" time="0.454">
    <failure type="org.apache.poi.ooxml.POIXMLException" message="org.apache.xmlbeans.XmlException: error: Premature end of file.">
      <![CDATA[org.apache.poi.ooxml.POIXMLException: org.apache.xmlbeans.XmlException: error: Premature end of file.
at org.apache.poi.xssf.usermodel.XSSFWorkbook.onDocumentRead(XSSFWorkbook.java:448)
at org.apache.poi.ooxml.POIXMLDocument.load(POIXMLDocument.java:169)
at org.apache.poi.xssf.usermodel.XSSFWorkbook.<init>(XSSFWorkbook.java:259)
at org.apache.poi.xssf.usermodel.XSSFWorkbookFactory.createWorkbook(XSSFWorkbookFactory.java:118)
at org.apache.poi.xssf.usermodel.XSSFWorkbookFactory.create(XSSFWorkbookFactory.java:98)
at org.apache.poi.xssf.usermodel.XSSFWorkbookFactory.create(XSSFWorkbookFactory.java:36)
at org.apache.poi.ss.usermodel.WorkbookFactory.lambda$create$2(WorkbookFactory.java:224)
at org.apache.poi.ss.usermodel.WorkbookFactory.wp(WorkbookFactory.java:329)
at org.apache.poi.ss.usermodel.WorkbookFactory.create(WorkbookFactory.java:224)
at org.apache.poi.ss.usermodel.WorkbookFactory.create(WorkbookFactory.java:185)
at Utils.Utility.dataGettingMethod(Utility.java:24)
at TestNGClasses.VerifyTheLoginPage.feedDetails(VerifyTheLoginPage.java:46)
at java.base/java.util.ArrayList.forEach(ArrayList.java:1511)
at java.base/java.util.concurrent.FutureTask.run(FutureTask.java:264)
at java.base/java.util.concurrent.ThreadPoolExecutor.runWorker(ThreadPoolExecutor.java:1136)
at java.base/java.util.concurrent.ThreadPoolExecutor$Worker.run(ThreadPoolExecutor.java:635)
at java.base/java.lang.Thread.run(Thread.java:833)
Caused by: org.apache.xmlbeans.XmlException: error: Premature end of file.
at org.apache.xmlbeans.impl.store.Locale$SaxLoader.load(Locale.java:2544)
at org.apache.xmlbeans.impl.store.Locale.lambda$parseToXmlObject$3(Locale.java:715)
at org.apache.xmlbeans.impl.store.Locale.syncWrap(Locale.java:488)
at org.apache.xmlbeans.impl.store.Locale.parseToXmlObject(Locale.java:714)
at org.apache.xmlbeans.impl.schema.SchemaTypeLoaderBase.parse(SchemaTypeLoaderBase.java:233)
at org.apache.xmlbeans.impl.schema.AbstractDocumentFactory.parse(AbstractDocumentFactory.java:71)
at org.apache.poi.xssf.usermodel.XSSFWorkbook.onDocumentRead(XSSFWorkbook.java:371)
... 38 more
Caused by: org.xml.sax.SAXParseException; systemId: file://; lineNumber: 1; columnNumber: 1; Premature end of file.
at java.xml/com.sun.org.apache.xerces.internal.util.ErrorHandlerWrapper.createSAXParseException(ErrorHandlerWrapper.java:204)
at java.xml/com.sun.org.apache.xerces.internal.util.ErrorHandlerWrapper.fatalError(ErrorHandlerWrapper.java:178)
at java.xml/com.sun.org.apache.xerces.internal.impl.XMLErrorReporter.reportError(XMLErrorReporter.java:400)
at java.xml/com.sun.org.apache.xerces.internal.impl.XMLErrorReporter.reportError(XMLErrorReporter.java:327)
at java.xml/com.sun.org.apache.xerces.internal.impl.XMLScanner.reportFatalError(XMLScanner.java:1465)
at java.xml/com.sun.org.apache.xerces.internal.impl.XMLDocumentScannerImpl$PrologDriver.next(XMLDocumentScannerImpl.java:1013)
at java.xml/com.sun.org.apache.xerces.internal.impl.XMLDocumentScannerImpl.next(XMLDocumentScannerImpl.java:605)
at java.xml/com.sun.org.apache.xerces.internal.impl.XMLNSDocumentScannerImpl.next(XMLNSDocumentScannerImpl.java:112)
at java.xml/com.sun.org.apache.xerces.internal.impl.XMLDocumentFragmentScannerImpl.scanDocument(XMLDocumentFragmentScannerImpl.java:542)
at java.xml/com.sun.org.apache.xerces.internal.parsers.XML11Configuration.parse(XML11Configuration.java:889)
at java.xml/com.sun.org.apache.xerces.internal.parsers.XML11Configuration.parse(XML11Configuration.java:825)
at java.xml/com.sun.org.apache.xerces.internal.parsers.XMLParser.parse(XMLParser.java:141)
at java.xml/com.sun.org.apache.xerces.internal.parsers.AbstractSAXParser.parse(AbstractSAXParser.java:1224)
at java.xml/com.sun.org.apache.xerces.internal.jaxp.SAXParserImpl$JAXPSAXParser.parse(SAXParserImpl.java:637)
at org.apache.xmlbeans.impl.store.Locale$SaxLoader.load(Locale.java:2523)
... 44 more
... Removed 22 stack frames]]>
    </failure>
  </testcase> <!-- @BeforeMethod feedDetails -->
  <testcase classname="TestNGClasses.VerifyTheLoginPage" name="@AfterMethod afterMethod" time="-1.685204319438E9">
    <skipped/>
  </testcase> <!-- @AfterMethod afterMethod -->
  <testcase classname="TestNGClasses.VerifyTheLoginPage" name="@AfterClass clearObjects" time="-1.685204319446E9">
    <skipped/>
  </testcase> <!-- @AfterClass clearObjects -->
  <testcase classname="TestNGClasses.VerifyTheLoginPage" name="@AfterTest closeBrowser" time="-1.685204319449E9">
    <skipped/>
  </testcase> <!-- @AfterTest closeBrowser -->
  <testcase classname="TestNGClasses.VerifyTheLoginPage" name="verifyTheFunctionalityOfLogInButton" time="0.0">
    <skipped/>
  </testcase> <!-- verifyTheFunctionalityOfLogInButton -->
</testsuite> <!-- ChromeTest(failed) -->
