<?xml version="1.0" encoding="UTF-8"?>
<!-- Generated by org.testng.reporters.JUnitXMLReporter -->
<testsuite ignored="0" hostname="LAPTOP-FG2Q0DK7" failures="0" tests="1" name="EdgeTest(failed)" time="0.068" errors="0" timestamp="2023-05-27T21:48:36 IST">
  <testcase classname="TestNGClasses.VerifyTheLoginPage" name="@BeforeClass openUrlOfFacebook" time="0.001">
    <failure type="java.lang.NullPointerException" message="Cannot invoke &amp;quot;org.openqa.selenium.WebDriver.get(String)&amp;quot; because &amp;quot;this.driver&amp;quot; is null">
      <![CDATA[java.lang.NullPointerException: Cannot invoke "org.openqa.selenium.WebDriver.get(String)" because "this.driver" is null
at TestNGClasses.VerifyTheLoginPage.openUrlOfFacebook(VerifyTheLoginPage.java:40)
at java.base/java.util.ArrayList.forEach(ArrayList.java:1511)
at java.base/java.util.concurrent.FutureTask.run(FutureTask.java:264)
at java.base/java.util.concurrent.ThreadPoolExecutor.runWorker(ThreadPoolExecutor.java:1136)
at java.base/java.util.concurrent.ThreadPoolExecutor$Worker.run(ThreadPoolExecutor.java:635)
at java.base/java.lang.Thread.run(Thread.java:833)
... Removed 16 stack frames]]>
    </failure>
  </testcase> <!-- @BeforeClass openUrlOfFacebook -->
  <testcase classname="TestNGClasses.VerifyTheLoginPage" name="@BeforeMethod feedDetails" time="-1.685204316315E9">
    <skipped/>
  </testcase> <!-- @BeforeMethod feedDetails -->
  <testcase classname="TestNGClasses.VerifyTheLoginPage" name="@AfterMethod afterMethod" time="-1.685204316322E9">
    <skipped/>
  </testcase> <!-- @AfterMethod afterMethod -->
  <testcase classname="TestNGClasses.VerifyTheLoginPage" name="@AfterClass clearObjects" time="-1.685204316324E9">
    <skipped/>
  </testcase> <!-- @AfterClass clearObjects -->
  <testcase classname="TestNGClasses.VerifyTheLoginPage" name="@AfterTest closeBrowser" time="-1.685204316327E9">
    <skipped/>
  </testcase> <!-- @AfterTest closeBrowser -->
  <testcase classname="TestNGClasses.VerifyTheLoginPage" name="verifyTheFunctionalityOfLogInButton" time="0.0">
    <skipped/>
  </testcase> <!-- verifyTheFunctionalityOfLogInButton -->
</testsuite> <!-- EdgeTest(failed) -->
